TN:
SF:src/modules/appointments/services/CreateAppointmentService.ts
FN:19,(anonymous_18)
FN:20,CreateAppointmentService
FN:31,(anonymous_20)
FNF:3
FNH:3
FNDA:1,(anonymous_18)
FNDA:5,CreateAppointmentService
FNDA:7,(anonymous_20)
DA:1,1
DA:2,1
DA:4,1
DA:19,1
DA:22,5
DA:25,5
DA:28,5
DA:31,1
DA:32,7
DA:33,7
DA:34,7
DA:36,7
DA:38,7
DA:39,3
DA:42,4
DA:43,1
DA:46,3
DA:47,1
DA:52,2
DA:56,2
DA:57,0
DA:60,2
DA:66,2
DA:68,4
DA:73,4
DA:77,2
DA:79,1
DA:81,1
LF:28
LH:27
BRDA:38,0,0,3
BRDA:38,0,1,4
BRDA:42,1,0,1
BRDA:42,1,1,3
BRDA:46,2,0,1
BRDA:46,2,1,2
BRDA:46,3,0,3
BRDA:46,3,1,2
BRDA:56,4,0,0
BRDA:56,4,1,2
BRF:10
BRH:9
end_of_record
TN:
SF:src/modules/appointments/services/ListProviderAppointmentsService.ts
FN:20,(anonymous_17)
FN:21,ListProviderAppointmentsService
FN:29,(anonymous_19)
FNF:3
FNH:3
FNDA:1,(anonymous_17)
FNDA:1,ListProviderAppointmentsService
FNDA:1,(anonymous_19)
DA:1,1
DA:20,1
DA:23,1
DA:26,1
DA:29,1
DA:30,1
DA:31,1
DA:32,1
DA:33,1
DA:35,1
DA:37,1
DA:41,1
DA:42,1
DA:51,2
DA:53,1
DA:55,1
DA:57,1
LF:17
LH:17
BRDA:53,0,0,1
BRDA:41,1,0,0
BRDA:41,1,1,1
BRF:3
BRH:2
end_of_record
TN:
SF:src/modules/appointments/services/ListProviderDayAvailabilityService.ts
FN:21,(anonymous_17)
FN:22,ListProviderDayAvailabilityService
FN:27,(anonymous_19)
FN:46,(anonymous_22)
FN:51,(anonymous_23)
FN:53,(anonymous_24)
FNF:6
FNH:6
FNDA:1,(anonymous_17)
FNDA:1,ListProviderDayAvailabilityService
FNDA:1,(anonymous_19)
FNDA:10,(anonymous_22)
FNDA:10,(anonymous_23)
FNDA:19,(anonymous_24)
DA:1,1
DA:2,1
DA:21,1
DA:24,1
DA:27,1
DA:28,1
DA:29,1
DA:30,1
DA:31,1
DA:33,1
DA:42,1
DA:44,1
DA:46,10
DA:49,1
DA:51,1
DA:52,10
DA:53,19
DA:56,10
DA:58,10
DA:64,1
DA:66,1
DA:68,1
LF:22
LH:22
BRDA:33,0,0,1
BRDA:60,1,0,10
BRDA:60,1,1,8
BRF:3
BRH:3
end_of_record
TN:
SF:src/modules/appointments/services/ListProviderMonthAvailabilityService.ts
FN:18,(anonymous_17)
FN:19,ListProviderMonthAvailabilityService
FN:24,(anonymous_19)
FN:41,(anonymous_22)
FN:44,(anonymous_23)
FN:45,(anonymous_24)
FNF:6
FNH:6
FNDA:1,(anonymous_17)
FNDA:1,ListProviderMonthAvailabilityService
FNDA:1,(anonymous_19)
FNDA:31,(anonymous_22)
FNDA:31,(anonymous_23)
FNDA:341,(anonymous_24)
DA:1,1
DA:2,1
DA:18,1
DA:21,1
DA:24,1
DA:25,1
DA:26,1
DA:27,1
DA:29,1
DA:37,1
DA:39,1
DA:41,31
DA:44,1
DA:45,31
DA:46,341
DA:49,31
DA:55,1
DA:57,1
DA:59,1
LF:19
LH:19
BRDA:29,0,0,1
BRF:1
BRH:1
end_of_record
TN:
SF:src/modules/appointments/services/ListProvidersService.ts
FN:13,(anonymous_17)
FN:14,ListProvidersService
FN:22,(anonymous_19)
FNF:3
FNH:3
FNDA:1,(anonymous_17)
FNDA:1,ListProvidersService
FNDA:1,(anonymous_19)
DA:1,1
DA:13,1
DA:16,1
DA:19,1
DA:22,1
DA:23,1
DA:27,1
DA:28,1
DA:32,2
DA:35,1
DA:37,1
DA:39,1
LF:12
LH:12
BRDA:23,0,0,1
BRDA:23,0,1,1
BRDA:27,1,0,0
BRDA:27,1,1,1
BRF:4
BRH:3
end_of_record
TN:
SF:src/modules/users/services/AuthenticateUserService.ts
FN:24,(anonymous_18)
FN:25,AuthenticateUserService
FN:33,(anonymous_20)
FNF:3
FNH:3
FNDA:1,(anonymous_18)
FNDA:3,AuthenticateUserService
FNDA:3,(anonymous_20)
DA:1,1
DA:2,1
DA:4,1
DA:6,1
DA:24,1
DA:27,3
DA:30,3
DA:33,3
DA:34,3
DA:36,3
DA:37,1
DA:40,2
DA:45,2
DA:46,1
DA:49,1
DA:51,1
DA:56,1
DA:61,1
DA:63,1
LF:19
LH:19
BRDA:34,0,0,3
BRDA:36,1,0,1
BRDA:36,1,1,2
BRDA:45,2,0,1
BRDA:45,2,1,1
BRF:5
BRH:5
end_of_record
TN:
SF:src/modules/users/services/CreateUserService.ts
FN:18,(anonymous_18)
FN:19,CreateUserService
FN:30,(anonymous_20)
FNF:3
FNH:3
FNDA:1,(anonymous_18)
FNDA:2,CreateUserService
FNDA:3,(anonymous_20)
DA:1,1
DA:3,1
DA:18,1
DA:21,2
DA:24,2
DA:27,2
DA:30,3
DA:31,3
DA:33,3
DA:34,1
DA:37,2
DA:39,2
DA:45,4
DA:47,2
DA:49,1
DA:51,1
LF:16
LH:16
BRDA:31,0,0,3
BRDA:33,1,0,1
BRDA:33,1,1,2
BRF:3
BRH:3
end_of_record
TN:
SF:src/modules/users/services/ResetPasswordService.ts
FN:15,(anonymous_18)
FN:16,ResetPasswordService
FN:27,(anonymous_20)
FNF:3
FNH:3
FNDA:1,(anonymous_18)
FNDA:4,ResetPasswordService
FNDA:4,(anonymous_20)
DA:1,1
DA:2,1
DA:4,1
DA:15,1
DA:18,4
DA:21,4
DA:24,4
DA:27,4
DA:28,4
DA:30,4
DA:31,1
DA:34,3
DA:36,3
DA:37,1
DA:40,2
DA:41,2
DA:43,2
DA:44,1
DA:47,1
DA:49,2
DA:51,1
DA:53,1
LF:22
LH:22
BRDA:28,0,0,4
BRDA:30,1,0,1
BRDA:30,1,1,3
BRDA:36,2,0,1
BRDA:36,2,1,2
BRDA:43,3,0,1
BRDA:43,3,1,1
BRF:7
BRH:7
end_of_record
TN:
SF:src/modules/users/services/SendForgotPasswordEmailService.ts
FN:18,(anonymous_18)
FN:19,SendForgotPasswordEmailService
FN:30,(anonymous_20)
FNF:3
FNH:3
FNDA:1,(anonymous_18)
FNDA:3,SendForgotPasswordEmailService
FNDA:3,(anonymous_20)
DA:1,1
DA:2,1
DA:9,1
DA:18,1
DA:21,3
DA:24,3
DA:27,3
DA:30,3
DA:31,3
DA:33,3
DA:34,1
DA:37,2
DA:39,2
DA:46,4
DA:61,1
DA:63,1
LF:16
LH:16
BRDA:31,0,0,3
BRDA:33,1,0,1
BRDA:33,1,1,2
BRF:3
BRH:3
end_of_record
TN:
SF:src/modules/users/services/ShowProfileService.ts
FN:14,(anonymous_18)
FN:15,ShowProfileService
FN:20,(anonymous_20)
FNF:3
FNH:3
FNDA:1,(anonymous_18)
FNDA:2,ShowProfileService
FNDA:2,(anonymous_20)
DA:1,1
DA:3,1
DA:14,1
DA:17,2
DA:20,2
DA:21,2
DA:23,2
DA:24,1
DA:27,1
DA:29,1
DA:31,1
LF:11
LH:11
BRDA:21,0,0,2
BRDA:23,1,0,1
BRDA:23,1,1,1
BRF:3
BRH:3
end_of_record
TN:
SF:src/modules/users/services/UpdateProfileService.ts
FN:19,(anonymous_18)
FN:20,UpdateProfileService
FN:28,(anonymous_20)
FNF:3
FNH:3
FNDA:1,(anonymous_18)
FNDA:6,UpdateProfileService
FNDA:6,(anonymous_20)
DA:1,1
DA:3,1
DA:19,1
DA:22,6
DA:25,6
DA:28,1
DA:29,6
DA:30,6
DA:31,6
DA:32,6
DA:33,6
DA:35,6
DA:37,6
DA:38,1
DA:41,5
DA:43,5
DA:44,1
DA:47,4
DA:48,1
DA:53,4
DA:54,2
DA:59,2
DA:60,1
DA:63,1
DA:66,2
DA:67,2
DA:69,2
DA:71,1
DA:73,1
LF:29
LH:29
BRDA:35,0,0,6
BRDA:37,1,0,1
BRDA:37,1,1,5
BRDA:43,2,0,1
BRDA:43,2,1,4
BRDA:43,3,0,5
BRDA:43,3,1,1
BRDA:47,4,0,1
BRDA:47,4,1,3
BRDA:47,5,0,4
BRDA:47,5,1,3
BRDA:53,6,0,1
BRDA:53,6,1,2
BRDA:53,7,0,3
BRDA:53,7,1,2
BRDA:59,8,0,1
BRDA:59,8,1,1
BRF:17
BRH:17
end_of_record
TN:
SF:src/modules/users/services/UpdateUserAvatarService.ts
FN:20,(anonymous_18)
FN:21,UpdateUserAvatarService
FN:29,(anonymous_20)
FNF:3
FNH:3
FNDA:1,(anonymous_18)
FNDA:3,UpdateUserAvatarService
FNDA:4,(anonymous_20)
DA:3,1
DA:7,1
DA:20,1
DA:23,3
DA:26,3
DA:29,4
DA:30,4
DA:32,4
DA:33,1
DA:36,5
DA:37,2
DA:40,3
DA:42,3
DA:44,6
DA:46,3
DA:48,1
DA:50,1
LF:17
LH:17
BRDA:30,0,0,4
BRDA:30,0,1,3
BRDA:32,1,0,1
BRDA:32,1,1,3
BRDA:36,2,0,2
BRDA:36,2,1,1
BRF:6
BRH:6
end_of_record
